This is XeTeX, Version 3.1415926-2.5-0.9999.3 (TeX Live 2013) (format=xelatex 2013.5.30)  21 NOV 2013 13:13
entering extended mode
 restricted \write18 enabled.
 %&-line parsing enabled.
**plants.tex
(./plants.tex
LaTeX2e <2011/06/27>
Babel <3.9f> and hyphenation patterns for 78 languages loaded.
(/usr/local/texlive/2013/texmf-dist/tex/latex/base/book.cls
Document Class: book 2007/10/19 v1.4h Standard LaTeX document class
(/usr/local/texlive/2013/texmf-dist/tex/latex/base/bk10.clo
File: bk10.clo 2007/10/19 v1.4h Standard LaTeX file (size option)
)
\c@part=\count80
\c@chapter=\count81
\c@section=\count82
\c@subsection=\count83
\c@subsubsection=\count84
\c@paragraph=\count85
\c@subparagraph=\count86
\c@figure=\count87
\c@table=\count88
\abovecaptionskip=\skip41
\belowcaptionskip=\skip42
\bibindent=\dimen102
)
No file plants.aux.
\openout1 = `plants.aux'.

LaTeX Font Info:    Checking defaults for OML/cmm/m/it on input line 3.
LaTeX Font Info:    ... okay on input line 3.
LaTeX Font Info:    Checking defaults for T1/cmr/m/n on input line 3.
LaTeX Font Info:    ... okay on input line 3.
LaTeX Font Info:    Checking defaults for OT1/cmr/m/n on input line 3.
LaTeX Font Info:    ... okay on input line 3.
LaTeX Font Info:    Checking defaults for OMS/cmsy/m/n on input line 3.
LaTeX Font Info:    ... okay on input line 3.
LaTeX Font Info:    Checking defaults for OMX/cmex/m/n on input line 3.
LaTeX Font Info:    ... okay on input line 3.
LaTeX Font Info:    Checking defaults for U/cmr/m/n on input line 3.
LaTeX Font Info:    ... okay on input line 3.
Missing character: There is no ” in font cmr10!
Missing character: There is no º in font cmr10!
Missing character: There is no º in font cmr10!

Overfull \hbox (2.94511pt too wide) in paragraph at lines 25--26
[]\OT1/cmr/m/n/10 http://www.wikihow.com/Care-for-a-Sansevieria-or-Snake-PlantS
nake Plant
 []

Missing character: There is no ’ in font cmr10!
Missing character: There is no ’ in font cmr10!
Missing character: There is no ’ in font cmr10!
Missing character: There is no ’ in font cmr10!
Missing character: There is no ’ in font cmr10!
Missing character: There is no ’ in font cmr10!
Missing character: There is no – in font cmr10!
Missing character: There is no ’ in font cmr10!
[1

]
Missing character: There is no ’ in font cmr10!
Missing character: There is no ’ in font cmr10!

Overfull \hbox (14.1952pt too wide) in paragraph at lines 46--47
[]\OT1/cmr/m/n/10 http://houseplantscare.blogspot.com/2010/10/snake-plant-takin
g-easy-to-new-
 []

[2]
Missing character: There is no ° in font cmr10!
Missing character: There is no ° in font cmr10!
Missing character: There is no ° in font cmr10!
Missing character: There is no ° in font cmr10!

Overfull \hbox (5.19527pt too wide) in paragraph at lines 93--94
[]\OT1/cmr/m/n/10 http://www.extension.umn.edu/yardandgarden/ygbriefs/h145cycla
men.html 
 []

[3]
Missing character: There is no ˚ in font cmr10!
Missing character: There is no ˚ in font cmr10!
Missing character: There is no ’ in font cmr10!
Missing character: There is no ’ in font cmr10!
 [4]
Missing character: There is no ’ in font cmr10!
 [5]
Missing character: There is no ° in font cmr10!
Missing character: There is no ° in font cmr10!
Missing character: There is no ° in font cmr10!
Missing character: There is no ’ in font cmr10!
Missing character: There is no ’ in font cmr10!
Missing character: There is no “ in font cmr10!
Missing character: There is no ” in font cmr10!
 [6]
Missing character: There is no ’ in font cmr10!
Missing character: There is no ’ in font cmr10!
Missing character: There is no ’ in font cmr10!
Missing character: There is no ’ in font cmr10!
 [7]
Overfull \hbox (11.05615pt too wide) in paragraph at lines 244--245
[]\OT1/cmr/m/n/10 - See more at: http://www.hgtvgardens.com/houseplants/give-pe
ace-a-chance-
 []

[8] (./plants.aux) ) 
Here is how much of TeX's memory you used:
 220 strings out of 493938
 2276 string characters out of 6148857
 57899 words of memory out of 5000000
 3612 multiletter control sequences out of 15000+600000
 3993 words of font info for 15 fonts, out of 8000000 for 9000
 1144 hyphenation exceptions out of 8191
 23i,5n,17p,681b,141s stack positions out of 5000i,500n,10000p,200000b,80000s

Output written on plants.pdf (8 pages).
